=================================================================================
                                                                 MON APR 15, 2019
                                                                                 
                                                                                 
                   BOSTON COLLEGE INFORMATION SERVICES                           
                                                                                 
                                                                                 
                   ENTER YOUR ID OR USERNAME: _________                          
                                                                                 
                   ENTER YOUR UNIV PASSWORD:                                     
                                                                                 
                                                                                 
                                                                                 
                                                                                 
                                                                                 
                 ACCESS IS LIMITED TO AUTHORIZED PERSONNEL                       
                 -----------------------------------------                       
                              PLEASE REMEMBER:                                   
                      YOUR PIN IS PERSONAL AND PRIVATE                           
                                                                                 
                                                                                 
                 IF YOU WISH TO QUIT, PLEASE ENTER "YES": ___                    
                                                                        PROD     
                                                                        0810     
                                                                        TCP00810 
=================================================================================
                                                                 MON APR 15, 2019
                                                                                 
                                                                                 
                   BOSTON COLLEGE INFORMATION SERVICES                           
                                                                                 
                                                                                 
                   ENTER YOUR ID OR USERNAME: chodr____                          
                                                                                 
                   ENTER YOUR UNIV PASSWORD:                                     
                                                                                 
                                                                                 
                                                                                 
                                                                                 
                                                                                 
                 ACCESS IS LIMITED TO AUTHORIZED PERSONNEL                       
                 -----------------------------------------                       
                              PLEASE REMEMBER:                                   
                      YOUR PIN IS PERSONAL AND PRIVATE                           
                                                                                 
                                                                                 
                 IF YOU WISH TO QUIT, PLEASE ENTER "YES": ___                    
                                                                        PROD     
                                                                        0810     
                                                                        TCP00810 
=================================================================================
                                                                 MON APR 15, 2019
                                                                                 
                                                                                 
                   BOSTON COLLEGE INFORMATION SERVICES                           
                                                                                 
                                                                                 
                   ENTER YOUR ID OR USERNAME: chodr____                          
                                                                                 
                   ENTER YOUR UNIV PASSWORD:                                     
                                                                                 
                                                                                 
                                                                                 
                                                                                 
                                                                                 
                 ACCESS IS LIMITED TO AUTHORIZED PERSONNEL                       
                 -----------------------------------------                       
                              PLEASE REMEMBER:                                   
                      YOUR PIN IS PERSONAL AND PRIVATE                           
                                                                                 
                                                                                 
                 IF YOU WISH TO QUIT, PLEASE ENTER "YES": ___                    
                                                                        PROD     
                                                                        0810     
                                                                        TCP00810 
=================================================================================
                                                                 MON APR 15, 2019
                                                                                 
                                                                                 
                   BOSTON COLLEGE INFORMATION SERVICES                           
                                                                                 
                                                                                 
                   ENTER YOUR ID OR USERNAME: chodr____                          
                                                                                 
                   ENTER YOUR UNIV PASSWORD:                                     
                                                                                 
                                                                                 
                                                                                 
                                                                                 
                                                                                 
                 ACCESS IS LIMITED TO AUTHORIZED PERSONNEL                       
                 -----------------------------------------                       
                              PLEASE REMEMBER:                                   
                      YOUR PIN IS PERSONAL AND PRIVATE                           
                                                                                 
                                                                                 
                 IF YOU WISH TO QUIT, PLEASE ENTER "YES": ___                    
                                                                        PROD     
                                                                        0810     
                                                                        TCP00810 
=================================================================================
  LOOK                          SYSTEM MENU                NAME: J.CHO           
                                                           DATE: MON APR 15, 2019
                                                                                 
  ***YOUR LAST ACCESS WAS VIA CONNECTION 0808 ON 04/15/19 (MON) AT 3:37 PM***    
                                                                                 
  ENTER SELECTION NUMBER OR TRANSACTION ID: ____                                 
                                                                                 
  01  BUILDINGS/GROUNDS                                                          
  02  DOCU - PROGRAM DOCUMENTATION                                               
  03  FORMS - REQUESTS/NOTIFICATIONS                                             
  04  MANAGEMENT INFORMATION SYSTEMS                                             
  05  MEMO - MESSAGES                                                            
  06  OFFICE SYSTEMS                                                             
  07  UVIEW - YOUR BC RECORDS                                                    
  08  WEB BASED                                                                  
  09  LOG OFF                                                                    
                                                                                 
                                                                                 
                                                                                 
                                                                                 
                                                                                 
                                                                                 
                                                                                 
     *NOTE: TO RETURN TO "LOOK" FROM ANY OTHER SCREEN, PRESS THE PF2 KEY*        
=================================================================================
  LOOK                          SYSTEM MENU                NAME: J.CHO           
                                                           DATE: MON APR 15, 2019
                                                                                 
  ***YOUR LAST ACCESS WAS VIA CONNECTION 0808 ON 04/15/19 (MON) AT 3:37 PM***    
                                                                                 
  ENTER SELECTION NUMBER OR TRANSACTION ID: 7___                                 
                                                                                 
  01  BUILDINGS/GROUNDS                                                          
  02  DOCU - PROGRAM DOCUMENTATION                                               
  03  FORMS - REQUESTS/NOTIFICATIONS                                             
  04  MANAGEMENT INFORMATION SYSTEMS                                             
  05  MEMO - MESSAGES                                                            
  06  OFFICE SYSTEMS                                                             
  07  UVIEW - YOUR BC RECORDS                                                    
  08  WEB BASED                                                                  
  09  LOG OFF                                                                    
                                                                                 
                                                                                 
                                                                                 
                                                                                 
                                                                                 
                                                                                 
                                                                                 
     *NOTE: TO RETURN TO "LOOK" FROM ANY OTHER SCREEN, PRESS THE PF2 KEY*        
=================================================================================
                                                                                 
                                                                                 
                                                                                 
                        YOUR PERSONAL RECORD MENU                                
                                                                                 
                                                                                 
                        1. EMPLOYEE INFORMATION - USE AGORA ON THE WEB           
                        2. STUDENT INFORMATION                                   
                                                                                 
                                                                                 
                                                                                 
                                                                                 
                                                                                 
                                                                                 
                        Q. QUIT - RETURN TO SYSTEM MENU                          
                                                                                 
               ENTER YOUR CHOICE: _   (THEN PRESS "RETURN/ENTER" KEY)            
                                                                                 
                                                                                 
                                                                                 
                                                                                 
                                                                                 
                                                                                 
                                                                                 
=================================================================================
                                                                                 
                                                                                 
                                                                                 
                        YOUR PERSONAL RECORD MENU                                
                                                                                 
                                                                                 
                        1. EMPLOYEE INFORMATION - USE AGORA ON THE WEB           
                        2. STUDENT INFORMATION                                   
                                                                                 
                                                                                 
                                                                                 
                                                                                 
                                                                                 
                                                                                 
                        Q. QUIT - RETURN TO SYSTEM MENU                          
                                                                                 
               ENTER YOUR CHOICE: 2   (THEN PRESS "RETURN/ENTER" KEY)            
                                                                                 
                                                                                 
                                                                                 
                                                                                 
                                                                                 
                                                                                 
                                                                                 
=================================================================================
                         UVIEW STUDENT INFORMATION                               
                                                                                 
                                                                                 
                                                                                 
                                                                                 
                      A. Request Your DEGREE AUDIT                               
                      C. View/Search Available COURSES                           
                      R. REGISTER for COURSES (04/04-09/04)                      
                      P. Mark Course as PASS/FAIL or AUDIT                       
                      X. View Your EXAM SCHEDULE                                 
                                                                                 
                                                                                 
                      L. LOGOFF   Remember to LOGOFF to Protect Your Records!    
                                                                                 
                                                                                 
   Enter Your Choice: _   (Then Press "RETURN/ENTER" Key)                        
                                                                                 
                                                                                 
                                                                                 
                                                                                 
                                                                                 
                                                                                 
                                                                                 
                                                                                 
=================================================================================
                         UVIEW STUDENT INFORMATION                               
                                                                                 
                                                                                 
                                                                                 
                                                                                 
                      A. Request Your DEGREE AUDIT                               
                      C. View/Search Available COURSES                           
                      R. REGISTER for COURSES (04/04-09/04)                      
                      P. Mark Course as PASS/FAIL or AUDIT                       
                      X. View Your EXAM SCHEDULE                                 
                                                                                 
                                                                                 
                      L. LOGOFF   Remember to LOGOFF to Protect Your Records!    
                                                                                 
                                                                                 
   Enter Your Choice: R   (Then Press "RETURN/ENTER" Key)                        
                                                                                 
                                                                                 
                                                                                 
                                                                                 
                                                                                 
                                                                                 
                                                                                 
                                                                                 
=================================================================================
       Registration 2020F   Name:   JEONG YEON CHO            Today: APR 15, 2019
                            School: MCAS    Degree: BA        Time:  3:45 PM     
                            Major:  ECONOMICS, PSYCHOLOGY BS                     
                            Program:HONORS PROGRAM                               
                                                                                 
         * To add a course, enter COURSE INDEX or COURSE NUMBER *                
         * To search for a course, enter "?"                    *                
         * To drop a course, enter "DROP" or enter all spaces   *                
                                                                                 
    Entry      Course     Cr Title                  Schedule    Instruct  CoReq  
    1254______ ECON328201 00 DISCUSSION-COMP INVEST W 7-9      LAW     ECON338200
    1256______ ECON335601 03 INDUSTRIAL ORGANIZATIO T TH 12*   WATSON            
    1244______ ECON338201 04 COMPUTATIONAL INVESTIN W F 1 30*  LAW     ECON328200
    1502______ HONR330103 03 HON SEM:20TH C/TRDTN I T TH 1 30* COHEN             
    8737______ PSYC336001 03 HOW ETS THINK          T TH 9*    HARTSHORNE        
    3936______ PSYC550101 03 EXPERIMENTAL DESIGN&ST T TH 3*    BROWNELL          
  > __________ <-ENTER COURSE INDEX OR COURSE NUMBER OR "?" TO SEARCH            
    __________                                                                   
    __________                                                                   
    __________                                                                   
    __________                                                                   
    __________                                                                   
        READY TO ADD/DROP COURSES                                                
                                                                                 
